2021-01-29 00:03:08.982  INFO 3463 --- [SpringContextShutdownHook] o.s.s.concurrent.ThreadPoolTaskExecutor  : Shutting down ExecutorService 'applicationTaskExecutor'
2021-01-29 00:03:13.328  INFO 3472 --- [main] c.c.billing.BillingsystemApplication     : Starting BillingsystemApplication using Java 1.8.0_261 on Harioms-MacBook-Pro.local with PID 3472 (/Users/hariomyadav/billingsystem/target/classes started by hariomyadav in /Users/hariomyadav/billingsystem)
2021-01-29 00:03:13.330  INFO 3472 --- [main] c.c.billing.BillingsystemApplication     : No active profile set, falling back to default profiles: default
2021-01-29 00:03:14.130  INFO 3472 --- [main] o.s.b.w.embedded.tomcat.TomcatWebServer  : Tomcat initialized with port(s): 8080 (http)
2021-01-29 00:03:14.136  INFO 3472 --- [main] o.apache.catalina.core.StandardService   : Starting service [Tomcat]
2021-01-29 00:03:14.136  INFO 3472 --- [main] org.apache.catalina.core.StandardEngine  : Starting Servlet engine: [Apache Tomcat/9.0.41]
2021-01-29 00:03:14.178  INFO 3472 --- [main] o.a.c.c.C.[Tomcat].[localhost].[/]       : Initializing Spring embedded WebApplicationContext
2021-01-29 00:03:14.178  INFO 3472 --- [main] w.s.c.ServletWebServerApplicationContext : Root WebApplicationContext: initialization completed in 809 ms
2021-01-29 00:03:14.305  INFO 3472 --- [main] o.s.s.concurrent.ThreadPoolTaskExecutor  : Initializing ExecutorService 'applicationTaskExecutor'
2021-01-29 00:03:14.472  INFO 3472 --- [main] o.s.b.w.embedded.tomcat.TomcatWebServer  : Tomcat started on port(s): 8080 (http) with context path ''
2021-01-29 00:03:14.485  INFO 3472 --- [main] c.c.billing.BillingsystemApplication     : Started BillingsystemApplication in 1.64 seconds (JVM running for 2.289)
2021-01-29 00:03:50.024  INFO 3472 --- [SpringContextShutdownHook] o.s.s.concurrent.ThreadPoolTaskExecutor  : Shutting down ExecutorService 'applicationTaskExecutor'
2021-01-29 00:03:53.480  INFO 3481 --- [main] c.c.billing.BillingsystemApplication     : Starting BillingsystemApplication using Java 1.8.0_261 on Harioms-MacBook-Pro.local with PID 3481 (/Users/hariomyadav/billingsystem/target/classes started by hariomyadav in /Users/hariomyadav/billingsystem)
2021-01-29 00:03:53.482  INFO 3481 --- [main] c.c.billing.BillingsystemApplication     : No active profile set, falling back to default profiles: default
2021-01-29 00:03:54.099  INFO 3481 --- [main] o.s.b.w.embedded.tomcat.TomcatWebServer  : Tomcat initialized with port(s): 8080 (http)
2021-01-29 00:03:54.105  INFO 3481 --- [main] o.apache.catalina.core.StandardService   : Starting service [Tomcat]
2021-01-29 00:03:54.105  INFO 3481 --- [main] org.apache.catalina.core.StandardEngine  : Starting Servlet engine: [Apache Tomcat/9.0.41]
2021-01-29 00:03:54.142  INFO 3481 --- [main] o.a.c.c.C.[Tomcat].[localhost].[/]       : Initializing Spring embedded WebApplicationContext
2021-01-29 00:03:54.143  INFO 3481 --- [main] w.s.c.ServletWebServerApplicationContext : Root WebApplicationContext: initialization completed in 630 ms
2021-01-29 00:03:54.272  INFO 3481 --- [main] o.s.s.concurrent.ThreadPoolTaskExecutor  : Initializing ExecutorService 'applicationTaskExecutor'
2021-01-29 00:03:54.420  INFO 3481 --- [main] o.s.b.w.embedded.tomcat.TomcatWebServer  : Tomcat started on port(s): 8080 (http) with context path ''
2021-01-29 00:03:54.429  INFO 3481 --- [main] c.c.billing.BillingsystemApplication     : Started BillingsystemApplication in 1.311 seconds (JVM running for 1.895)
2021-01-29 00:03:57.310  INFO 3481 --- [http-nio-8080-exec-1] o.a.c.c.C.[Tomcat].[localhost].[/]       : Initializing Spring DispatcherServlet 'dispatcherServlet'
2021-01-29 00:03:57.311  INFO 3481 --- [http-nio-8080-exec-1] o.s.web.servlet.DispatcherServlet        : Initializing Servlet 'dispatcherServlet'
2021-01-29 00:03:57.312  INFO 3481 --- [http-nio-8080-exec-1] o.s.web.servlet.DispatcherServlet        : Completed initialization in 1 ms
2021-01-29 00:03:57.393  INFO 3481 --- [http-nio-8080-exec-1] c.c.billing.service.BillingServiceImpl   : percentageTaxPrice 141600.0
2021-01-29 00:03:57.394  INFO 3481 --- [http-nio-8080-exec-1] c.c.billing.service.BillingServiceImpl   : fixedTaxPrice 141800.0
2021-01-29 00:03:57.394  INFO 3481 --- [http-nio-8080-exec-1] c.c.billing.service.BillingServiceImpl   : discountPrice 6000.0
2021-01-29 00:03:57.395  INFO 3481 --- [http-nio-8080-exec-1] c.c.billing.service.BillingServiceImpl   : finalPrice 135800.0
2021-01-29 00:03:57.395  INFO 3481 --- [http-nio-8080-exec-1] c.c.billing.service.BillingServiceImpl   : percentageTaxPrice 2240.0
2021-01-29 00:03:57.395  INFO 3481 --- [http-nio-8080-exec-1] c.c.billing.service.BillingServiceImpl   : fixedTaxPrice 2440.0
2021-01-29 00:03:57.395  INFO 3481 --- [http-nio-8080-exec-1] c.c.billing.service.BillingServiceImpl   : discountPrice 0.0
2021-01-29 00:03:57.395  INFO 3481 --- [http-nio-8080-exec-1] c.c.billing.service.BillingServiceImpl   : finalPrice 2440.0
2021-01-29 00:04:15.402  INFO 3481 --- [SpringContextShutdownHook] o.s.s.concurrent.ThreadPoolTaskExecutor  : Shutting down ExecutorService 'applicationTaskExecutor'
2021-01-29 00:04:19.365  INFO 3486 --- [main] c.c.billing.BillingsystemApplication     : Starting BillingsystemApplication using Java 1.8.0_261 on Harioms-MacBook-Pro.local with PID 3486 (/Users/hariomyadav/billingsystem/target/classes started by hariomyadav in /Users/hariomyadav/billingsystem)
2021-01-29 00:04:19.368  INFO 3486 --- [main] c.c.billing.BillingsystemApplication     : No active profile set, falling back to default profiles: default
2021-01-29 00:04:19.996  INFO 3486 --- [main] o.s.b.w.embedded.tomcat.TomcatWebServer  : Tomcat initialized with port(s): 8080 (http)
2021-01-29 00:04:20.002  INFO 3486 --- [main] o.apache.catalina.core.StandardService   : Starting service [Tomcat]
2021-01-29 00:04:20.002  INFO 3486 --- [main] org.apache.catalina.core.StandardEngine  : Starting Servlet engine: [Apache Tomcat/9.0.41]
2021-01-29 00:04:20.038  INFO 3486 --- [main] o.a.c.c.C.[Tomcat].[localhost].[/]       : Initializing Spring embedded WebApplicationContext
2021-01-29 00:04:20.038  INFO 3486 --- [main] w.s.c.ServletWebServerApplicationContext : Root WebApplicationContext: initialization completed in 622 ms
2021-01-29 00:04:20.164  INFO 3486 --- [main] o.s.s.concurrent.ThreadPoolTaskExecutor  : Initializing ExecutorService 'applicationTaskExecutor'
2021-01-29 00:04:20.320  INFO 3486 --- [main] o.s.b.w.embedded.tomcat.TomcatWebServer  : Tomcat started on port(s): 8080 (http) with context path ''
2021-01-29 00:04:20.329  INFO 3486 --- [main] c.c.billing.BillingsystemApplication     : Started BillingsystemApplication in 1.357 seconds (JVM running for 1.914)
2021-01-29 00:05:43.457  INFO 3486 --- [SpringContextShutdownHook] o.s.s.concurrent.ThreadPoolTaskExecutor  : Shutting down ExecutorService 'applicationTaskExecutor'
2021-01-29 00:05:48.240  INFO 3490 --- [main] c.c.billing.BillingsystemApplication     : Starting BillingsystemApplication using Java 1.8.0_261 on Harioms-MacBook-Pro.local with PID 3490 (/Users/hariomyadav/billingsystem/target/classes started by hariomyadav in /Users/hariomyadav/billingsystem)
2021-01-29 00:05:48.243  INFO 3490 --- [main] c.c.billing.BillingsystemApplication     : No active profile set, falling back to default profiles: default
2021-01-29 00:05:48.959  INFO 3490 --- [main] o.s.b.w.embedded.tomcat.TomcatWebServer  : Tomcat initialized with port(s): 8080 (http)
2021-01-29 00:05:48.965  INFO 3490 --- [main] o.apache.catalina.core.StandardService   : Starting service [Tomcat]
2021-01-29 00:05:48.966  INFO 3490 --- [main] org.apache.catalina.core.StandardEngine  : Starting Servlet engine: [Apache Tomcat/9.0.41]
2021-01-29 00:05:49.010  INFO 3490 --- [main] o.a.c.c.C.[Tomcat].[localhost].[/]       : Initializing Spring embedded WebApplicationContext
2021-01-29 00:05:49.010  INFO 3490 --- [main] w.s.c.ServletWebServerApplicationContext : Root WebApplicationContext: initialization completed in 726 ms
2021-01-29 00:05:49.174  INFO 3490 --- [main] o.s.s.concurrent.ThreadPoolTaskExecutor  : Initializing ExecutorService 'applicationTaskExecutor'
2021-01-29 00:05:49.340  INFO 3490 --- [main] o.s.b.w.embedded.tomcat.TomcatWebServer  : Tomcat started on port(s): 8080 (http) with context path ''
2021-01-29 00:05:49.349  INFO 3490 --- [main] c.c.billing.BillingsystemApplication     : Started BillingsystemApplication in 1.546 seconds (JVM running for 2.565)
2021-01-29 00:06:02.833  INFO 3490 --- [SpringContextShutdownHook] o.s.s.concurrent.ThreadPoolTaskExecutor  : Shutting down ExecutorService 'applicationTaskExecutor'
2021-01-29 00:06:06.393  INFO 3494 --- [main] c.c.billing.BillingsystemApplication     : Starting BillingsystemApplication using Java 1.8.0_261 on Harioms-MacBook-Pro.local with PID 3494 (/Users/hariomyadav/billingsystem/target/classes started by hariomyadav in /Users/hariomyadav/billingsystem)
2021-01-29 00:06:06.396  INFO 3494 --- [main] c.c.billing.BillingsystemApplication     : No active profile set, falling back to default profiles: default
2021-01-29 00:06:07.036  INFO 3494 --- [main] o.s.b.w.embedded.tomcat.TomcatWebServer  : Tomcat initialized with port(s): 8080 (http)
2021-01-29 00:06:07.041  INFO 3494 --- [main] o.apache.catalina.core.StandardService   : Starting service [Tomcat]
2021-01-29 00:06:07.042  INFO 3494 --- [main] org.apache.catalina.core.StandardEngine  : Starting Servlet engine: [Apache Tomcat/9.0.41]
2021-01-29 00:06:07.077  INFO 3494 --- [main] o.a.c.c.C.[Tomcat].[localhost].[/]       : Initializing Spring embedded WebApplicationContext
2021-01-29 00:06:07.077  INFO 3494 --- [main] w.s.c.ServletWebServerApplicationContext : Root WebApplicationContext: initialization completed in 642 ms
2021-01-29 00:06:07.202  INFO 3494 --- [main] o.s.s.concurrent.ThreadPoolTaskExecutor  : Initializing ExecutorService 'applicationTaskExecutor'
2021-01-29 00:06:07.349  INFO 3494 --- [main] o.s.b.w.embedded.tomcat.TomcatWebServer  : Tomcat started on port(s): 8080 (http) with context path ''
2021-01-29 00:06:07.358  INFO 3494 --- [main] c.c.billing.BillingsystemApplication     : Started BillingsystemApplication in 1.348 seconds (JVM running for 1.941)
2021-01-29 00:06:14.007  INFO 3494 --- [http-nio-8080-exec-1] o.a.c.c.C.[Tomcat].[localhost].[/]       : Initializing Spring DispatcherServlet 'dispatcherServlet'
2021-01-29 00:06:14.008  INFO 3494 --- [http-nio-8080-exec-1] o.s.web.servlet.DispatcherServlet        : Initializing Servlet 'dispatcherServlet'
2021-01-29 00:06:14.009  INFO 3494 --- [http-nio-8080-exec-1] o.s.web.servlet.DispatcherServlet        : Completed initialization in 1 ms
2021-01-29 00:06:14.100  INFO 3494 --- [http-nio-8080-exec-1] c.c.billing.service.BillingServiceImpl   : percentageTaxPrice 141600.0
2021-01-29 00:06:14.102  INFO 3494 --- [http-nio-8080-exec-1] c.c.billing.service.BillingServiceImpl   : fixedTaxPrice 141800.0
2021-01-29 00:06:14.103  INFO 3494 --- [http-nio-8080-exec-1] c.c.billing.service.BillingServiceImpl   : discountPrice 6000.0
2021-01-29 00:06:14.103  INFO 3494 --- [http-nio-8080-exec-1] c.c.billing.service.BillingServiceImpl   : finalPrice 135800.0
2021-01-29 00:06:14.104  INFO 3494 --- [http-nio-8080-exec-1] c.c.billing.service.BillingServiceImpl   : percentageTaxPrice 2240.0
2021-01-29 00:06:14.104  INFO 3494 --- [http-nio-8080-exec-1] c.c.billing.service.BillingServiceImpl   : fixedTaxPrice 2440.0
2021-01-29 00:06:14.104  INFO 3494 --- [http-nio-8080-exec-1] c.c.billing.service.BillingServiceImpl   : discountPrice 0.0
2021-01-29 00:06:14.105  INFO 3494 --- [http-nio-8080-exec-1] c.c.billing.service.BillingServiceImpl   : finalPrice 2440.0
2021-01-29 00:07:24.188  INFO 3494 --- [SpringContextShutdownHook] o.s.s.concurrent.ThreadPoolTaskExecutor  : Shutting down ExecutorService 'applicationTaskExecutor'
2021-01-29 00:07:27.861  INFO 3511 --- [main] c.c.billing.BillingsystemApplication     : Starting BillingsystemApplication using Java 1.8.0_261 on Harioms-MacBook-Pro.local with PID 3511 (/Users/hariomyadav/billingsystem/target/classes started by hariomyadav in /Users/hariomyadav/billingsystem)
2021-01-29 00:07:27.865  INFO 3511 --- [main] c.c.billing.BillingsystemApplication     : No active profile set, falling back to default profiles: default
2021-01-29 00:07:28.585  INFO 3511 --- [main] o.s.b.w.embedded.tomcat.TomcatWebServer  : Tomcat initialized with port(s): 8080 (http)
2021-01-29 00:07:28.591  INFO 3511 --- [main] o.apache.catalina.core.StandardService   : Starting service [Tomcat]
2021-01-29 00:07:28.591  INFO 3511 --- [main] org.apache.catalina.core.StandardEngine  : Starting Servlet engine: [Apache Tomcat/9.0.41]
2021-01-29 00:07:28.638  INFO 3511 --- [main] o.a.c.c.C.[Tomcat].[localhost].[/]       : Initializing Spring embedded WebApplicationContext
2021-01-29 00:07:28.638  INFO 3511 --- [main] w.s.c.ServletWebServerApplicationContext : Root WebApplicationContext: initialization completed in 709 ms
2021-01-29 00:07:28.770  INFO 3511 --- [main] o.s.s.concurrent.ThreadPoolTaskExecutor  : Initializing ExecutorService 'applicationTaskExecutor'
2021-01-29 00:07:28.949  INFO 3511 --- [main] o.s.b.w.embedded.tomcat.TomcatWebServer  : Tomcat started on port(s): 8080 (http) with context path ''
2021-01-29 00:07:28.962  INFO 3511 --- [main] c.c.billing.BillingsystemApplication     : Started BillingsystemApplication in 1.564 seconds (JVM running for 2.12)
2021-01-29 00:07:34.604  INFO 3511 --- [http-nio-8080-exec-2] o.a.c.c.C.[Tomcat].[localhost].[/]       : Initializing Spring DispatcherServlet 'dispatcherServlet'
2021-01-29 00:07:34.604  INFO 3511 --- [http-nio-8080-exec-2] o.s.web.servlet.DispatcherServlet        : Initializing Servlet 'dispatcherServlet'
2021-01-29 00:07:34.606  INFO 3511 --- [http-nio-8080-exec-2] o.s.web.servlet.DispatcherServlet        : Completed initialization in 2 ms
2021-01-29 00:07:34.751  INFO 3511 --- [http-nio-8080-exec-2] c.c.billing.service.BillingServiceImpl   : percentageTaxPrice 141600.0
2021-01-29 00:07:34.753  INFO 3511 --- [http-nio-8080-exec-2] c.c.billing.service.BillingServiceImpl   : fixedTaxPrice 141800.0
2021-01-29 00:07:34.753  INFO 3511 --- [http-nio-8080-exec-2] c.c.billing.service.BillingServiceImpl   : discountPrice 6000.0
2021-01-29 00:07:34.753  INFO 3511 --- [http-nio-8080-exec-2] c.c.billing.service.BillingServiceImpl   : finalPrice 135800.0
2021-01-29 00:07:34.754  INFO 3511 --- [http-nio-8080-exec-2] c.c.billing.service.BillingServiceImpl   : percentageTaxPrice 2240.0
2021-01-29 00:07:34.755  INFO 3511 --- [http-nio-8080-exec-2] c.c.billing.service.BillingServiceImpl   : fixedTaxPrice 2440.0
2021-01-29 00:07:34.755  INFO 3511 --- [http-nio-8080-exec-2] c.c.billing.service.BillingServiceImpl   : discountPrice 0.0
2021-01-29 00:07:34.755  INFO 3511 --- [http-nio-8080-exec-2] c.c.billing.service.BillingServiceImpl   : finalPrice 2440.0
2021-01-29 00:07:59.413  INFO 3511 --- [SpringContextShutdownHook] o.s.s.concurrent.ThreadPoolTaskExecutor  : Shutting down ExecutorService 'applicationTaskExecutor'
2021-01-29 00:09:14.172  INFO 3537 --- [main] c.c.billing.BillingsystemApplication     : Starting BillingsystemApplication using Java 1.8.0_261 on Harioms-MacBook-Pro.local with PID 3537 (/Users/hariomyadav/billingsystem/target/classes started by hariomyadav in /Users/hariomyadav/billingsystem)
2021-01-29 00:09:14.176  INFO 3537 --- [main] c.c.billing.BillingsystemApplication     : No active profile set, falling back to default profiles: default
2021-01-29 00:09:15.118  INFO 3537 --- [main] o.s.b.w.embedded.tomcat.TomcatWebServer  : Tomcat initialized with port(s): 8080 (http)
2021-01-29 00:09:15.124  INFO 3537 --- [main] o.apache.catalina.core.StandardService   : Starting service [Tomcat]
2021-01-29 00:09:15.124  INFO 3537 --- [main] org.apache.catalina.core.StandardEngine  : Starting Servlet engine: [Apache Tomcat/9.0.41]
2021-01-29 00:09:15.177  INFO 3537 --- [main] o.a.c.c.C.[Tomcat].[localhost].[/]       : Initializing Spring embedded WebApplicationContext
2021-01-29 00:09:15.177  INFO 3537 --- [main] w.s.c.ServletWebServerApplicationContext : Root WebApplicationContext: initialization completed in 947 ms
2021-01-29 00:09:15.334  INFO 3537 --- [main] o.s.s.concurrent.ThreadPoolTaskExecutor  : Initializing ExecutorService 'applicationTaskExecutor'
2021-01-29 00:09:15.513  INFO 3537 --- [main] o.s.b.w.embedded.tomcat.TomcatWebServer  : Tomcat started on port(s): 8080 (http) with context path ''
2021-01-29 00:09:15.522  INFO 3537 --- [main] c.c.billing.BillingsystemApplication     : Started BillingsystemApplication in 1.701 seconds (JVM running for 2.116)
2021-01-29 00:12:07.142  INFO 3537 --- [SpringContextShutdownHook] o.s.s.concurrent.ThreadPoolTaskExecutor  : Shutting down ExecutorService 'applicationTaskExecutor'
2021-01-29 00:12:13.952  INFO 3558 --- [main] c.c.billing.BillingsystemApplication     : Starting BillingsystemApplication using Java 1.8.0_261 on Harioms-MacBook-Pro.local with PID 3558 (/Users/hariomyadav/billingsystem/target/classes started by hariomyadav in /Users/hariomyadav/billingsystem)
2021-01-29 00:12:13.955  INFO 3558 --- [main] c.c.billing.BillingsystemApplication     : No active profile set, falling back to default profiles: default
2021-01-29 00:12:14.554  INFO 3558 --- [main] o.s.b.w.embedded.tomcat.TomcatWebServer  : Tomcat initialized with port(s): 8080 (http)
2021-01-29 00:12:14.559  INFO 3558 --- [main] o.apache.catalina.core.StandardService   : Starting service [Tomcat]
2021-01-29 00:12:14.559  INFO 3558 --- [main] org.apache.catalina.core.StandardEngine  : Starting Servlet engine: [Apache Tomcat/9.0.41]
2021-01-29 00:12:14.597  INFO 3558 --- [main] o.a.c.c.C.[Tomcat].[localhost].[/]       : Initializing Spring embedded WebApplicationContext
2021-01-29 00:12:14.597  INFO 3558 --- [main] w.s.c.ServletWebServerApplicationContext : Root WebApplicationContext: initialization completed in 597 ms
2021-01-29 00:12:14.720  INFO 3558 --- [main] o.s.s.concurrent.ThreadPoolTaskExecutor  : Initializing ExecutorService 'applicationTaskExecutor'
2021-01-29 00:12:14.866  INFO 3558 --- [main] o.s.b.w.embedded.tomcat.TomcatWebServer  : Tomcat started on port(s): 8080 (http) with context path ''
2021-01-29 00:12:14.875  INFO 3558 --- [main] c.c.billing.BillingsystemApplication     : Started BillingsystemApplication in 1.273 seconds (JVM running for 1.834)
2021-01-29 00:12:17.419  INFO 3558 --- [SpringContextShutdownHook] o.s.s.concurrent.ThreadPoolTaskExecutor  : Shutting down ExecutorService 'applicationTaskExecutor'
